# JRE version: OpenJDK Runtime Environment (17.0.10) (build 17.0.10+0--11572160)
# Java VM: OpenJDK 64-Bit Server VM (17.0.10+0--11572160, mixed mode, tiered, compressed oops, compressed class ptrs, g1 gc, windows-amd64)
GC Precious Log:
 CPUs: 16 total, 16 available
 Memory: 16298M
 Large Page Support: Disabled
 NUMA Support: Disabled
 Compressed Oops: Enabled (32-bit)
 Heap Region Size: 1M
 Heap Min Capacity: 8M
 Heap Initial Capacity: 256M
 Heap Max Capacity: 2G
 Pre-touch: Disabled
 Parallel Workers: 13
 Concurrent Workers: 3
 Concurrent Refinement Workers: 13
 Periodic GC: Disabled
Heap:
 garbage-first heap   total 73728K, used 43598K [0x0000000080000000, 0x0000000100000000)
  region size 1024K, 6 young (6144K), 3 survivors (3072K)
 Metaspace       used 43599K, committed 44096K, reserved 1114112K
  class space    used 5893K, committed 6144K, reserved 1048576K
GC Heap History (18 events):
Event: 0.536 GC heap before
{Heap before GC invocations=0 (full 0):
 garbage-first heap   total 262144K, used 26624K [0x0000000080000000, 0x0000000100000000)
  region size 1024K, 23 young (23552K), 0 survivors (0K)
 Metaspace       used 10481K, committed 10624K, reserved 1114112K
  class space    used 1085K, committed 1152K, reserved 1048576K
}
Event: 0.538 GC heap after
{Heap after GC invocations=1 (full 0):
 garbage-first heap   total 262144K, used 10431K [0x0000000080000000, 0x0000000100000000)
  region size 1024K, 3 young (3072K), 3 survivors (3072K)
 Metaspace       used 10481K, committed 10624K, reserved 1114112K
  class space    used 1085K, committed 1152K, reserved 1048576K
}
Event: 0.874 GC heap before
{Heap before GC invocations=1 (full 0):
 garbage-first heap   total 262144K, used 39103K [0x0000000080000000, 0x0000000100000000)
  region size 1024K, 31 young (31744K), 3 survivors (3072K)
 Metaspace       used 11509K, committed 11712K, reserved 1114112K
  class space    used 1196K, committed 1280K, reserved 1048576K
}
Event: 0.876 GC heap after
{Heap after GC invocations=2 (full 0):
 garbage-first heap   total 262144K, used 11164K [0x0000000080000000, 0x0000000100000000)
  region size 1024K, 1 young (1024K), 1 survivors (1024K)
 Metaspace       used 11509K, committed 11712K, reserved 1114112K
  class space    used 1196K, committed 1280K, reserved 1048576K
}
Event: 1.480 GC heap before
{Heap before GC invocations=2 (full 0):
 garbage-first heap   total 262144K, used 59292K [0x0000000080000000, 0x0000000100000000)
  region size 1024K, 49 young (50176K), 1 survivors (1024K)
 Metaspace       used 21292K, committed 21504K, reserved 1114112K
  class space    used 2505K, committed 2624K, reserved 1048576K
}
Event: 1.484 GC heap after
{Heap after GC invocations=3 (full 0):
 garbage-first heap   total 262144K, used 18705K [0x0000000080000000, 0x0000000100000000)
  region size 1024K, 9 young (9216K), 9 survivors (9216K)
 Metaspace       used 21292K, committed 21504K, reserved 1114112K
  class space    used 2505K, committed 2624K, reserved 1048576K
}
Event: 1.852 GC heap before
{Heap before GC invocations=4 (full 0):
 garbage-first heap   total 71680K, used 52497K [0x0000000080000000, 0x0000000100000000)
  region size 1024K, 42 young (43008K), 9 survivors (9216K)
 Metaspace       used 26578K, committed 26880K, reserved 1114112K
  class space    used 3380K, committed 3520K, reserved 1048576K
}
Event: 1.856 GC heap after
{Heap after GC invocations=5 (full 0):
 garbage-first heap   total 71680K, used 20553K [0x0000000080000000, 0x0000000100000000)
  region size 1024K, 2 young (2048K), 2 survivors (2048K)
 Metaspace       used 26578K, committed 26880K, reserved 1114112K
  class space    used 3380K, committed 3520K, reserved 1048576K
}
Event: 1.867 GC heap before
{Heap before GC invocations=5 (full 0):
 garbage-first heap   total 71680K, used 21577K [0x0000000080000000, 0x0000000100000000)
  region size 1024K, 3 young (3072K), 2 survivors (2048K)
 Metaspace       used 26708K, committed 27008K, reserved 1114112K
  class space    used 3403K, committed 3520K, reserved 1048576K
}
Event: 1.868 GC heap after
{Heap after GC invocations=6 (full 0):
 garbage-first heap   total 71680K, used 20828K [0x0000000080000000, 0x0000000100000000)
  region size 1024K, 1 young (1024K), 1 survivors (1024K)
 Metaspace       used 26708K, committed 27008K, reserved 1114112K
  class space    used 3403K, committed 3520K, reserved 1048576K
}
Event: 2.331 GC heap before
{Heap before GC invocations=6 (full 0):
 garbage-first heap   total 71680K, used 51548K [0x0000000080000000, 0x0000000100000000)
  region size 1024K, 31 young (31744K), 1 survivors (1024K)
 Metaspace       used 30841K, committed 31232K, reserved 1114112K
  class space    used 4124K, committed 4288K, reserved 1048576K
}
Event: 2.332 GC heap after
{Heap after GC invocations=7 (full 0):
 garbage-first heap   total 71680K, used 22484K [0x0000000080000000, 0x0000000100000000)
  region size 1024K, 2 young (2048K), 2 survivors (2048K)
 Metaspace       used 30841K, committed 31232K, reserved 1114112K
  class space    used 4124K, committed 4288K, reserved 1048576K
}
Event: 2.849 GC heap before
{Heap before GC invocations=7 (full 0):
 garbage-first heap   total 71680K, used 62420K [0x0000000080000000, 0x0000000100000000)
  region size 1024K, 32 young (32768K), 2 survivors (2048K)
 Metaspace       used 34064K, committed 34368K, reserved 1114112K
  class space    used 4647K, committed 4800K, reserved 1048576K
}
Event: 2.852 GC heap after
{Heap after GC invocations=8 (full 0):
 garbage-first heap   total 72704K, used 38920K [0x0000000080000000, 0x0000000100000000)
  region size 1024K, 4 young (4096K), 4 survivors (4096K)
 Metaspace       used 34064K, committed 34368K, reserved 1114112K
  class space    used 4647K, committed 4800K, reserved 1048576K
}
Event: 3.007 GC heap before
{Heap before GC invocations=8 (full 0):
 garbage-first heap   total 72704K, used 52232K [0x0000000080000000, 0x0000000100000000)
  region size 1024K, 18 young (18432K), 4 survivors (4096K)
 Metaspace       used 35827K, committed 36096K, reserved 1114112K
  class space    used 4937K, committed 5056K, reserved 1048576K
}
Event: 3.009 GC heap after
{Heap after GC invocations=9 (full 0):
 garbage-first heap   total 72704K, used 39636K [0x0000000080000000, 0x0000000100000000)
  region size 1024K, 1 young (1024K), 1 survivors (1024K)
 Metaspace       used 35827K, committed 36096K, reserved 1114112K
  class space    used 4937K, committed 5056K, reserved 1048576K
}
Event: 3.230 GC heap before
{Heap before GC invocations=10 (full 0):
 garbage-first heap   total 72704K, used 58068K [0x0000000080000000, 0x0000000100000000)
  region size 1024K, 19 young (19456K), 1 survivors (1024K)
 Metaspace       used 38673K, committed 39040K, reserved 1114112K
  class space    used 5397K, committed 5568K, reserved 1048576K
}
Event: 3.231 GC heap after
{Heap after GC invocations=11 (full 0):
 garbage-first heap   total 72704K, used 40676K [0x0000000080000000, 0x0000000100000000)
  region size 1024K, 2 young (2048K), 2 survivors (2048K)
 Metaspace       used 38673K, committed 39040K, reserved 1114112K
  class space    used 5397K, committed 5568K, reserved 1048576K
}

